<?xml version="1.0" encoding="UTF-8"?>
<!-- Generated by org.testng.reporters.JUnitXMLReporter -->
<testsuite ignored="2" hostname="DESKTOP-IE0GR64" failures="0" tests="1" name="Test(failed)" time="0.056" errors="0" timestamp="2023-03-13T23:41:25 IST">
  <testcase classname="com.actitime.testscript.customerModule" name="modifycustomer" time="0.012"/>
  <testcase classname="com.actitime.testscript.customerModule" name="creatcustomer" time="0.0">
    <ignored/>
  </testcase> <!-- creatcustomer -->
  <testcase classname="com.actitime.testscript.customerModule" name="deletecustomer" time="0.0">
    <ignored/>
  </testcase> <!-- deletecustomer -->
</testsuite> <!-- Test(failed) -->
