<?xml version="1.0" encoding="UTF-8"?>
<!-- Generated by org.testng.reporters.JUnitXMLReporter -->
<testsuite ignored="2" hostname="DESKTOP-IE0GR64" failures="1" tests="1" name="Test(failed)(failed)" time="0.059" errors="0" timestamp="2023-03-13T23:21:16 IST">
  <testcase classname="com.actitime.testscript.customermodule1" name="modifycustomer" time="0.014">
    <failure type="java.lang.ArithmeticException" message="/ by zero">
      <![CDATA[java.lang.ArithmeticException: / by zero
at com.actitime.testscript.customermodule1.modifycustomer(customermodule1.java:15)
at java.base/java.util.ArrayList.forEach(ArrayList.java:1511)
... Removed 25 stack frames]]>
    </failure>
  </testcase> <!-- modifycustomer -->
  <testcase classname="com.actitime.testscript.customermodule1" name="deletecustomer" time="0.0">
    <ignored/>
  </testcase> <!-- deletecustomer -->
  <testcase classname="com.actitime.testscript.customermodule1" name="createcustomer" time="0.0">
    <ignored/>
  </testcase> <!-- createcustomer -->
</testsuite> <!-- Test(failed)(failed) -->
