<?xml version="1.0" encoding="UTF-8"?>
<!-- Generated by org.testng.reporters.JUnitXMLReporter -->
<testsuite ignored="0" hostname="DESKTOP-IE0GR64" failures="1" tests="12" name="Test" time="0.138" errors="0" timestamp="2023-03-13T23:37:50 IST">
  <testcase classname="com.actitime.testscript.ProjectModule" name="createmodule" time="0.012"/>
  <testcase classname="com.actitime.testscript.ProjectModule" name="modifymodule" time="0.003"/>
  <testcase classname="com.actitime.testscript.customerModule" name="creatcustomer" time="0.002"/>
  <testcase classname="com.actitime.testscript.customerModule" name="deletecustomer" time="0.002"/>
  <testcase classname="com.actitime.testscript.customerModule" name="modifycustomer" time="0.007">
    <failure type="java.lang.AssertionError" message="null">
      <![CDATA[java.lang.AssertionError: null
at com.actitime.testscript.customerModule.modifycustomer(customerModule.java:15)
at java.base/java.util.ArrayList.forEach(ArrayList.java:1511)
... Removed 27 stack frames]]>
    </failure>
  </testcase> <!-- modifycustomer -->
  <testcase classname="com.actitime.testscript.customermodule1" name="createcustomer" time="0.006"/>
  <testcase classname="com.actitime.testscript.customermodule1" name="deletecustomer" time="0.006"/>
  <testcase classname="com.actitime.testscript.customermodule1" name="modifycustomer" time="0.006"/>
  <testcase classname="com.actitime.testscript.TaskModule" name="cratetask" time="0.004"/>
  <testcase classname="com.actitime.testscript.TaskModule" name="deletetask" time="0.003"/>
  <testcase classname="com.actitime.testscript.TaskModule" name="modifytask" time="0.002"/>
  <testcase classname="com.actitime.testscript.Demotest" name="demo" time="0.002"/>
</testsuite> <!-- Test -->
